INFO:root:frontalcatface detects: 1 at 2016-07-18 14:44:14.920789
INFO:root:smile detects: 9 at 2016-07-18 14:44:14.923366
INFO:root:frontalcatface_extended detects: 1 at 2016-07-18 14:44:18.306293
INFO:root:smile detects: 11 at 2016-07-18 14:44:18.306636
INFO:root:frontalcatface_extended detects: 0 at 2016-07-18 14:44:21.113967
INFO:root:smile detects: 10 at 2016-07-18 14:44:21.114299
INFO:root:frontalcatface detects: 0 at 2016-07-18 14:44:24.134764
INFO:root:smile detects: 11 at 2016-07-18 14:44:24.135099
INFO:root:smile detects: 12 at 2016-07-18 14:44:26.939932
INFO:root:frontalcatface detects: 1 at 2016-07-18 14:44:29.906595
INFO:root:frontalcatface_extended detects: 1 at 2016-07-18 14:44:29.906944
INFO:root:smile detects: 14 at 2016-07-18 14:44:29.907365
INFO:root:frontalcatface detects: 0 at 2016-07-18 14:44:32.758059
INFO:root:frontalcatface_extended detects: 0 at 2016-07-18 14:44:32.758378
INFO:root:smile detects: 9 at 2016-07-18 14:44:32.758576
INFO:root:smile detects: 11 at 2016-07-18 14:44:35.884912
INFO:root:frontalcatface_extended detects: 1 at 2016-07-18 14:44:39.253097
INFO:root:frontalcatface detects: 2 at 2016-07-18 14:44:42.118816
INFO:root:frontalcatface_extended detects: 0 at 2016-07-18 14:44:42.119159
INFO:root:smile detects: 14 at 2016-07-18 14:44:42.119369
INFO:root:frontalcatface detects: 1 at 2016-07-18 14:44:44.927737
INFO:root:smile detects: 8 at 2016-07-18 14:44:44.928066
INFO:root:frontalcatface detects: 2 at 2016-07-18 14:44:47.723440
INFO:root:smile detects: 13 at 2016-07-18 14:44:47.723796
INFO:root:frontalcatface detects: 1 at 2016-07-18 14:44:50.595702
INFO:root:frontalcatface_extended detects: 2 at 2016-07-18 14:44:50.596045
INFO:root:smile detects: 15 at 2016-07-18 14:44:50.596248
INFO:root:frontalcatface detects: 0 at 2016-07-18 14:44:56.131111
INFO:root:frontalcatface_extended detects: 1 at 2016-07-18 14:44:56.131446
INFO:root:smile detects: 8 at 2016-07-18 14:44:56.131652
INFO:root:frontalcatface_extended detects: 0 at 2016-07-18 14:44:58.851794
INFO:root:smile detects: 11 at 2016-07-18 14:44:58.852125
INFO:root:frontalcatface detects: 1 at 2016-07-18 14:45:01.667840
INFO:root:frontalcatface_extended detects: 1 at 2016-07-18 14:45:01.668179
INFO:root:smile detects: 10 at 2016-07-18 14:45:01.668408
INFO:root:frontalcatface detects: 2 at 2016-07-18 14:45:04.480785
INFO:root:frontalcatface_extended detects: 0 at 2016-07-18 14:45:04.481111
INFO:root:smile detects: 7 at 2016-07-18 14:45:04.481311
INFO:root:frontalcatface detects: 0 at 2016-07-18 14:45:07.209515
INFO:root:smile detects: 9 at 2016-07-18 14:45:07.209847
INFO:root:frontalcatface_extended detects: 1 at 2016-07-18 14:45:09.971508
INFO:root:smile detects: 8 at 2016-07-18 14:45:09.971842
INFO:root:smile detects: 9 at 2016-07-18 14:45:12.629234
INFO:root:frontalcatface detects: 1 at 2016-07-18 14:45:15.300232
INFO:root:frontalcatface_extended detects: 3 at 2016-07-18 14:45:15.300594
INFO:root:smile detects: 7 at 2016-07-18 14:45:15.300801
INFO:root:frontalcatface_extended detects: 0 at 2016-07-18 14:45:17.993671
INFO:root:smile detects: 6 at 2016-07-18 14:45:17.994064
INFO:root:frontalcatface detects: 0 at 2016-07-18 14:45:20.712766
INFO:root:frontalcatface_extended detects: 1 at 2016-07-18 14:45:20.713090
INFO:root:smile detects: 5 at 2016-07-18 14:45:20.713289
INFO:root:frontalcatface detects: 2 at 2016-07-18 14:45:23.463509
INFO:root:smile detects: 7 at 2016-07-18 14:45:23.463848
INFO:root:frontalcatface detects: 1 at 2016-07-18 14:45:26.193825
INFO:root:licence_plate_rus_16stages detects: 1 at 2016-07-18 14:45:26.194209
INFO:root:smile detects: 8 at 2016-07-18 14:45:26.194417
INFO:root:frontalcatface detects: 0 at 2016-07-18 14:45:28.938661
INFO:root:licence_plate_rus_16stages detects: 0 at 2016-07-18 14:45:28.939003
INFO:root:smile detects: 11 at 2016-07-18 14:45:28.939398
INFO:root:frontalcatface_extended detects: 0 at 2016-07-18 14:45:31.639901
INFO:root:smile detects: 9 at 2016-07-18 14:45:31.640232
INFO:root:frontalcatface detects: 1 at 2016-07-18 14:45:37.100873
INFO:root:frontalcatface_extended detects: 1 at 2016-07-18 14:45:37.101205
INFO:root:smile detects: 6 at 2016-07-18 14:45:37.101437
INFO:root:frontalcatface_extended detects: 2 at 2016-07-18 14:45:39.778239
INFO:root:frontalcatface detects: 0 at 2016-07-18 14:45:42.527019
INFO:root:smile detects: 9 at 2016-07-18 14:45:42.527373
INFO:root:frontalcatface detects: 1 at 2016-07-18 14:45:45.250447
INFO:root:smile detects: 8 at 2016-07-18 14:45:45.250793
INFO:root:frontalcatface detects: 0 at 2016-07-18 14:45:47.931361
INFO:root:frontalcatface_extended detects: 1 at 2016-07-18 14:45:47.931693
INFO:root:smile detects: 7 at 2016-07-18 14:45:47.932125
INFO:root:smile detects: 6 at 2016-07-18 14:45:50.662686
INFO:root:frontalcatface_extended detects: 2 at 2016-07-18 14:45:53.392903
INFO:root:smile detects: 5 at 2016-07-18 14:45:53.393243
INFO:root:frontalcatface_extended detects: 1 at 2016-07-18 14:45:56.127291
INFO:root:smile detects: 7 at 2016-07-18 14:45:56.127629
INFO:root:frontalcatface_extended detects: 0 at 2016-07-18 14:45:58.816481
INFO:root:frontalcatface detects: 1 at 2016-07-18 14:46:01.583271
INFO:root:frontalcatface_extended detects: 2 at 2016-07-18 14:46:01.583612
INFO:root:smile detects: 8 at 2016-07-18 14:46:01.583818
INFO:root:frontalcatface detects: 0 at 2016-07-18 14:46:04.345675
INFO:root:smile detects: 6 at 2016-07-18 14:46:04.346018
INFO:root:frontalcatface detects: 1 at 2016-07-18 14:46:07.077582
INFO:root:frontalcatface_extended detects: 1 at 2016-07-18 14:46:07.077916
INFO:root:smile detects: 5 at 2016-07-18 14:46:07.078114
INFO:root:frontalcatface detects: 0 at 2016-07-18 14:46:09.869912
INFO:root:smile detects: 10 at 2016-07-18 14:46:09.870260
INFO:root:smile detects: 8 at 2016-07-18 14:46:12.572768
INFO:root:frontalcatface detects: 1 at 2016-07-18 14:46:15.336956
INFO:root:frontalcatface_extended detects: 2 at 2016-07-18 14:46:15.337290
INFO:root:frontalcatface_extended detects: 1 at 2016-07-18 14:46:18.108867
INFO:root:frontalcatface detects: 2 at 2016-07-18 14:46:20.875290
INFO:root:smile detects: 10 at 2016-07-18 14:46:20.875644
INFO:root:frontalcatface detects: 0 at 2016-07-18 14:46:23.577184
INFO:root:smile detects: 8 at 2016-07-18 14:46:23.577515
INFO:root:frontalcatface detects: 2 at 2016-07-18 14:46:26.359584
INFO:root:frontalcatface_extended detects: 3 at 2016-07-18 14:46:26.359927
INFO:root:smile detects: 7 at 2016-07-18 14:46:26.360143
INFO:root:frontalcatface detects: 1 at 2016-07-18 14:46:29.143530
INFO:root:frontalcatface_extended detects: 0 at 2016-07-18 14:46:29.143858
INFO:root:smile detects: 6 at 2016-07-18 14:46:29.144059
INFO:root:frontalcatface detects: 2 at 2016-07-18 14:46:31.917505
INFO:root:smile detects: 5 at 2016-07-18 14:46:31.917854
INFO:root:upperbody detects: 1 at 2016-07-18 14:46:31.918206
INFO:root:frontalcatface detects: 1 at 2016-07-18 14:46:34.751759
INFO:root:smile detects: 8 at 2016-07-18 14:46:34.752091
INFO:root:upperbody detects: 0 at 2016-07-18 14:46:34.752354
INFO:root:frontalcatface_extended detects: 1 at 2016-07-18 14:46:37.571315
INFO:root:upperbody detects: 1 at 2016-07-18 14:46:37.571662
INFO:root:frontalcatface_extended detects: 0 at 2016-07-18 14:46:40.449884
INFO:root:smile detects: 7 at 2016-07-18 14:46:40.450215
INFO:root:frontalcatface_extended detects: 1 at 2016-07-18 14:46:43.250017
INFO:root:smile detects: 9 at 2016-07-18 14:46:43.250364
INFO:root:upperbody detects: 0 at 2016-07-18 14:46:43.250565
INFO:root:frontalcatface detects: 0 at 2016-07-18 14:46:46.071740
INFO:root:smile detects: 7 at 2016-07-18 14:46:46.072082
INFO:root:upperbody detects: 1 at 2016-07-18 14:46:46.072285
INFO:root:frontalcatface detects: 1 at 2016-07-18 14:46:48.829681
INFO:root:smile detects: 8 at 2016-07-18 14:46:48.830032
INFO:root:upperbody detects: 0 at 2016-07-18 14:46:48.830397
INFO:root:upperbody detects: 1 at 2016-07-18 14:46:51.621275
INFO:root:upperbody detects: 0 at 2016-07-18 14:46:54.443431
INFO:root:frontalcatface_extended detects: 0 at 2016-07-18 14:46:57.261013
INFO:root:smile detects: 7 at 2016-07-18 14:47:00.088887
INFO:root:frontalcatface detects: 0 at 2016-07-18 14:47:02.868137
INFO:root:frontalcatface_extended detects: 1 at 2016-07-18 14:47:02.868496
INFO:root:upperbody detects: 1 at 2016-07-18 14:47:02.868742
INFO:root:frontalcatface_extended detects: 0 at 2016-07-18 14:47:05.635251
INFO:root:upperbody detects: 0 at 2016-07-18 14:47:05.635599
INFO:root:frontalcatface detects: 1 at 2016-07-18 14:47:08.430275
INFO:root:smile detects: 5 at 2016-07-18 14:47:08.430600
INFO:root:smile detects: 7 at 2016-07-18 14:47:11.173911
INFO:root:upperbody detects: 1 at 2016-07-18 14:47:11.174245
INFO:root:smile detects: 8 at 2016-07-18 14:47:13.900814
INFO:root:upperbody detects: 0 at 2016-07-18 14:47:13.901134
INFO:root:frontalcatface detects: 2 at 2016-07-18 14:47:16.734331
INFO:root:smile detects: 7 at 2016-07-18 14:47:16.734670
INFO:root:frontalcatface detects: 1 at 2016-07-18 14:47:19.562205
INFO:root:frontalcatface detects: 2 at 2016-07-18 14:47:22.297268
INFO:root:frontalcatface detects: 1 at 2016-07-18 14:47:25.217673
INFO:root:frontalcatface_extended detects: 1 at 2016-07-18 14:47:25.218038
INFO:root:smile detects: 14 at 2016-07-18 14:47:25.218256
INFO:root:smile detects: 18 at 2016-07-18 14:47:28.178459
INFO:root:frontalcatface detects: 0 at 2016-07-18 14:47:31.173209
INFO:root:frontalcatface_extended detects: 0 at 2016-07-18 14:47:31.173538
INFO:root:smile detects: 15 at 2016-07-18 14:47:31.173735
INFO:root:smile detects: 16 at 2016-07-18 14:47:34.141649
INFO:root:frontalcatface detects: 1 at 2016-07-18 14:47:37.146521
INFO:root:frontalcatface_extended detects: 2 at 2016-07-18 14:47:37.146864
INFO:root:smile detects: 15 at 2016-07-18 14:47:37.147087
INFO:root:frontalcatface detects: 0 at 2016-07-18 14:47:40.105959
INFO:root:frontalcatface_extended detects: 0 at 2016-07-18 14:47:40.106291
INFO:root:smile detects: 8 at 2016-07-18 14:47:40.106566
INFO:root:smile detects: 10 at 2016-07-18 14:47:43.008408
INFO:root:frontalcatface detects: 3 at 2016-07-18 14:47:45.991145
INFO:root:frontalcatface_extended detects: 1 at 2016-07-18 14:47:45.991506
INFO:root:smile detects: 16 at 2016-07-18 14:47:45.991930
INFO:root:eye detects: 1 at 2016-07-18 14:47:48.865846
INFO:root:frontalcatface detects: 1 at 2016-07-18 14:47:48.866185
INFO:root:frontalcatface_extended detects: 0 at 2016-07-18 14:47:48.866380
INFO:root:smile detects: 11 at 2016-07-18 14:47:48.866578
INFO:root:eye detects: 0 at 2016-07-18 14:47:52.151831
INFO:root:frontalcatface detects: 3 at 2016-07-18 14:47:52.152178
INFO:root:frontalcatface_extended detects: 1 at 2016-07-18 14:47:52.152406
INFO:root:smile detects: 13 at 2016-07-18 14:47:52.152616
